<?xml version="1.0" encoding="UTF-8"?>
<!-- Generated by org.testng.reporters.JUnitReportReporter -->
<testsuite hostname="DESKTOP-5EB7N3R" failures="0" tests="2" name="org.api.Authentication" time="9.897" errors="0" timestamp="6 May 2022 15:14:39 GMT">
  <testcase classname="org.api.Authentication" name="SetAddress" time="3.527"/>
  <testcase classname="org.api.Authentication" name="login" time="6.370"/>
</testsuite> <!-- org.api.Authentication -->
